make all --print-data-base --no-builtin-variables --no-builtin-rules --question
# GNU Make 3.81
# Copyright (C) 2006  Free Software Foundation, Inc.
# This is free software; see the source for copying conditions.
# There is NO warranty; not even for MERCHANTABILITY or FITNESS FOR A
# PARTICULAR PURPOSE.

# This program built for i386-apple-darwin11.3.0
 

# Make data base, printed on Thu Jun 23 16:00:51 2022

# Variables

# automatic
<D = $(patsubst %/,%,$(dir $<))
# automatic
?F = $(notdir $?)
# environment
VSCODE_LOG_NATIVE = false
# automatic
?D = $(patsubst %/,%,$(dir $?))
# automatic
@D = $(patsubst %/,%,$(dir $@))
# automatic
@F = $(notdir $@)
# makefile
CURDIR := /Users/mberri/Desktop/sahle-m
# makefile
SHELL = /bin/sh
# environment
VSCODE_NLS_CONFIG = {"locale":"en-us","availableLanguages":{},"_languagePackSupport":true}
# environment
_ = /usr/bin/make
# makefile (from `Makefile', line 1)
MAKEFILE_LIST :=  Makefile
# environment
VSCODE_VERBOSE_LOGGING = true
# makefile (from `Makefile', line 26)
OBJS = $(SRCS:%.c=%.o)
# environment
VSCODE_IPC_HOOK_EXTHOST = /var/folders/zz/zyxvpxvq6csfxvn_n000cf7r0033jy/T/vscode-ipc-d30877d8-765d-4e3d-a3bf-66cacd43962e.sock
# environment
VSCODE_CWD = /
# environment
PATH = /usr/local/bin:/usr/bin:/bin:/usr/sbin:/sbin:/usr/local/munki
# environment
LSCOLORS = Gxfxcxdxbxegedabagacad
# environment
VSCODE_LOG_STACK = false
# environment
ELECTRON_RUN_AS_NODE = 1
# default
.FEATURES := target-specific order-only second-expansion else-if archives jobserver check-symlink
# environment
SSH_AUTH_SOCK = /private/tmp/com.apple.launchd.PJIuJRVO0j/Listeners
# automatic
%F = $(notdir $%)
# environment
VSCODE_PIPE_LOGGING = true
# environment
PWD = /Users/mberri/Desktop/sahle-m
# environment
ORIGINAL_XDG_CURRENT_DESKTOP = undefined
# environment
VSCODE_AMD_ENTRYPOINT = vs/workbench/api/node/extensionHostProcess
# environment
HOME = /Users/mberri
# default
MAKEFILEPATH = $(shell /usr/bin/xcode-select -print-path 2>/dev/null || echo /Developer)/Makefiles
# environment
VSCODE_CODE_CACHE_PATH = /Users/mberri/Library/Application Support/Code/CachedData/57fd6d0195bb9b9d1b49f6da5db789060795de47
# environment
LOGNAME = mberri
# environment
APPLICATION_INSIGHTS_NO_DIAGNOSTIC_CHANNEL = 1
# environment
ZSH = /Users/mberri/.oh-my-zsh
# environment
VSCODE_HANDLES_UNCAUGHT_ERRORS = true
# automatic
^D = $(patsubst %/,%,$(dir $^))
# environment
XPC_FLAGS = 0x0
# default
MAKE = $(MAKE_COMMAND)
# default
MAKECMDGOALS := all
# makefile (from `Makefile', line 5)
SRCS = so_long.c image.c key.c map.c ./so_long_utl/check_everything.c ./so_long_utl/ft_strdup_without_newline.c ./so_Long_utl/ft_strjoin_without_newline.c ./so_long_utl/lose_game.c ./so_long_utl/print_error.c ./so_long_utl/print.c ./so_long_utl/put_image.c ./so_Long_utl/win_game.c ./gnl/get_next_line.c ./gnl/get_next_line_utils.c ./libft/ft_bzero.c ./Libft/ft_calloc.c ./Libft/ft_itoa.c ./Libft/ft_memset.c ./Libft/ft_substring.c 
# environment
SHLVL = 1
# makefile (from `Makefile', line 2)
LIBFT = libft
# default
MAKE_VERSION := 3.81
# environment
USER = mberri
# makefile
.DEFAULT_GOAL := all
# makefile (from `Makefile', line 1)
NAME = so_long
# environment
LESS = -R
# automatic
%D = $(patsubst %/,%,$(dir $%))
# default
MAKE_COMMAND := /Library/Developer/CommandLineTools/usr/bin/make
# default
.VARIABLES := 
# environment
TMPDIR = /var/folders/zz/zyxvpxvq6csfxvn_n000cf7r0033jy/T/
# automatic
*F = $(notdir $*)
# environment
VSCODE_IPC_HOOK = /Users/mberri/Library/Application Support/Code/1.67.0-main.sock
# makefile
MAKEFLAGS = Rrqp
# environment
MFLAGS = -Rrqp
# automatic
*D = $(patsubst %/,%,$(dir $*))
# environment
XPC_SERVICE_NAME = com.microsoft.VSCode.2168
# automatic
+D = $(patsubst %/,%,$(dir $+))
# automatic
+F = $(notdir $+)
# environment
__CF_USER_TEXT_ENCODING = 0x18E3E:0x0:0x0
# default
MAKEFILES := 
# automatic
<F = $(notdir $<)
# environment
PAGER = less
# environment
LC_ALL = C
# makefile (from `Makefile', line 28)
LIBC = ar rc
# automatic
^F = $(notdir $^)
# default
SUFFIXES := 
# makefile (from `Makefile', line 30)
FLAGS = -Wall -Wextra -Werror
# default
.INCLUDE_DIRS = /usr/local/include
# environment
MAKELEVEL := 0
# environment
LANG = C
# environment
VSCODE_PID = 73071
# makefile (from `Makefile', line 3)
LIBFT_LIB = libft.a
# variable set hash-table stats:
# Load=71/1024=7%, Rehash=0, Collisions=4/102=4%

# Pattern-specific Variable Values

# No pattern-specific variable values.

# Directories

# . (device 16777225, inode 2577665): 16 files, no impossibilities.

# 16 files, no impossibilities in 1 directories.

# Implicit Rules

%.o: %.c
#  commands to execute (from `Makefile', line 38):
	gcc $(FLAGS) -c $^ -I./ -o $@
	

# 1 implicit rules, 0 (0.0%) terminal.

# Files

# Not a target:
so_long_utl/ft_strdup_without_newline.o:
#  Implicit rule search has not been done.
#  Modification time never checked.
#  File has not been updated.

# Not a target:
so_long_utl/put_image.o:
#  Implicit rule search has not been done.
#  Modification time never checked.
#  File has not been updated.

# Not a target:
so_long_utl/print_error.o:
#  Implicit rule search has not been done.
#  Modification time never checked.
#  File has not been updated.

all: so_long
#  Command-line target.
#  Implicit rule search has been done.
#  File does not exist.
#  File has been updated.
#  Needs to be updated (-q is set).
# variable set hash-table stats:
# Load=0/32=0%, Rehash=0, Collisions=0/3=0%

# Not a target:
Libft/ft_itoa.o:
#  Implicit rule search has not been done.
#  Modification time never checked.
#  File has not been updated.

# Not a target:
Libft/ft_memset.o:
#  Implicit rule search has not been done.
#  Modification time never checked.
#  File has not been updated.

# Not a target:
so_long.c:
#  Implicit rule search has been done.
#  Last modified 2022-06-23 15:30:20
#  File has been updated.
#  Successfully updated.
# variable set hash-table stats:
# Load=0/32=0%, Rehash=0, Collisions=0/0=0%

# Not a target:
.SUFFIXES:
#  Implicit rule search has not been done.
#  Modification time never checked.
#  File has not been updated.

# Not a target:
Makefile:
#  Implicit rule search has been done.
#  Last modified 2022-06-23 16:00:31
#  File has been updated.
#  Successfully updated.
# variable set hash-table stats:
# Load=0/32=0%, Rehash=0, Collisions=0/0=0%

# Not a target:
Libft/ft_substring.o:
#  Implicit rule search has not been done.
#  Modification time never checked.
#  File has not been updated.

# Not a target:
libft/ft_bzero.o:
#  Implicit rule search has not been done.
#  Modification time never checked.
#  File has not been updated.

# Not a target:
map.o:
#  Implicit rule search has not been done.
#  Modification time never checked.
#  File has not been updated.

# Not a target:
gnl/get_next_line_utils.o:
#  Implicit rule search has not been done.
#  Modification time never checked.
#  File has not been updated.

fclean: clean
#  Implicit rule search has not been done.
#  Modification time never checked.
#  File has not been updated.
#  commands to execute (from `Makefile', line 46):
	rm -f $(NAME)
	rm -f $(LIBFT_LIB)
	make fclean -C $(LIBFT)
	

# Not a target:
so_Long_utl/ft_strjoin_without_newline.o:
#  Implicit rule search has not been done.
#  Modification time never checked.
#  File has not been updated.

# Not a target:
so_Long_utl/win_game.o:
#  Implicit rule search has not been done.
#  Modification time never checked.
#  File has not been updated.

# Not a target:
Libft/ft_calloc.o:
#  Implicit rule search has not been done.
#  Modification time never checked.
#  File has not been updated.

# Not a target:
.DEFAULT:
#  Implicit rule search has not been done.
#  Modification time never checked.
#  File has not been updated.

# Not a target:
so_long_utl/lose_game.o:
#  Implicit rule search has not been done.
#  Modification time never checked.
#  File has not been updated.

re: fclean all
#  Implicit rule search has not been done.
#  Modification time never checked.
#  File has not been updated.

# Not a target:
image.o:
#  Implicit rule search has not been done.
#  Modification time never checked.
#  File has not been updated.

clean:
#  Implicit rule search has not been done.
#  Modification time never checked.
#  File has not been updated.
#  commands to execute (from `Makefile', line 42):
	rm -f $(OBJS)
	make clean -C $(LIBFT)
	

# Not a target:
gnl/get_next_line.o:
#  Implicit rule search has not been done.
#  Modification time never checked.
#  File has not been updated.

# Not a target:
 
so_long_utl/check_everything.o:
#  Implicit rule search has not been done.
#  Modification time never checked.
#  File has not been updated.

so_long: so_long.o image.o key.o map.o so_long_utl/check_everything.o so_long_utl/ft_strdup_without_newline.o so_Long_utl/ft_strjoin_without_newline.o so_long_utl/lose_game.o so_long_utl/print_error.o so_long_utl/print.o so_long_utl/put_image.o so_Long_utl/win_game.o gnl/get_next_line.o gnl/get_next_line_utils.o libft/ft_bzero.o Libft/ft_calloc.o Libft/ft_itoa.o Libft/ft_memset.o Libft/ft_substring.o
#  Implicit rule search has not been done.
#  File does not exist.
#  File has been updated.
#  Needs to be updated (-q is set).
# variable set hash-table stats:
# Load=0/32=0%, Rehash=0, Collisions=0/3=0%
#  commands to execute (from `Makefile', line 35):
	make all -C $(LIBFT)/
	gcc -o $(NAME) $(OBJS) -Lmlx -lmlx -framework OpenGL -framework AppKit	
	

# Not a target:
so_long_utl/print.o:
#  Implicit rule search has not been done.
#  Modification time never checked.
#  File has not been updated.

so_long.o: so_long.c
#  Implicit rule search has been done.
#  Implicit/static pattern stem: `so_long'
#  File does not exist.
#  File has been updated.
#  Needs to be updated (-q is set).
# automatic
# @ := so_long.o
# automatic
# % := 
# automatic
# * := so_long
# automatic
# + := so_long.c
# automatic
# | := 
# automatic
# < := so_long.c
# automatic
# ^ := so_long.c
# automatic
# ? := so_long.c
# variable set hash-table stats:
# Load=8/32=25%, Rehash=0, Collisions=1/13=8%
#  commands to execute (from `Makefile', line 38):
	gcc $(FLAGS) -c $^ -I./ -o $@
	

# Not a target:
key.o:
#  Implicit rule search has not been done.
#  Modification time never checked.
#  File has not been updated.

# files hash-table stats:
# Load=28/1024=3%, Rehash=0, Collisions=0/67=0%
# VPATH Search Paths

# No `vpath' search paths.

# No general (`VPATH' variable) search path.

# # of strings in strcache: 1
# # of strcache buffers: 1
# strcache size: total = 4096 / max = 4096 / min = 4096 / avg = 4096
# strcache free: total = 4087 / max = 4087 / min = 4087 / avg = 4087

# Finished Make data base on Thu Jun 23 16:00:51 2022

 
